error: using `#[ink(topic)]` for a field with a primitive number type
  --> $DIR/primitive_topic.rs:20:9
   |
LL |         value_4: crate::TyAlias2,
   |         ^^^^^^^^^^^^^^^^^^^^^^^^ help: consider removing `#[ink(topic)]`: `value_4: crate::TyAlias2`
   |
   = note: `-D primitive-topic` implied by `-D warnings`

error: using `#[ink(topic)]` for a field with a primitive number type
  --> $DIR/primitive_topic.rs:17:9
   |
LL |         value_3: crate::TyAlias1,
   |         ^^^^^^^^^^^^^^^^^^^^^^^^ help: consider removing `#[ink(topic)]`: `value_3: crate::TyAlias1`

error: using `#[ink(topic)]` for a field with a primitive number type
  --> $DIR/primitive_topic.rs:14:9
   |
LL |         value_2: Balance,
   |         ^^^^^^^^^^^^^^^^ help: consider removing `#[ink(topic)]`: `value_2: Balance`

error: using `#[ink(topic)]` for a field with a primitive number type
  --> $DIR/primitive_topic.rs:11:9
   |
LL |         value_1: u8,
   |         ^^^^^^^^^^^ help: consider removing `#[ink(topic)]`: `value_1: u8`

error: aborting due to 4 previous errors

