error: storage never freed
  --> $DIR/storage_never_freed.rs:16:9
   |
LL |         map_field_1: Mapping<AccountId, AccountId>,
   |         ^^^^^^^^^^^^^^^^^^^^^^^^^^^^^^^^^^^^^^^^^^
   |
note: the lint level is defined here
  --> $DIR/storage_never_freed.rs:1:46
   |
LL | #![cfg_attr(dylint_lib = "ink_linting", deny(storage_never_freed))]
   |                                              ^^^^^^^^^^^^^^^^^^^
help: consider adding operations to remove elements available to the user
   |
LL |         map_field_1: Mapping<AccountId, AccountId>,
   |         ~~~~~~~~~~~~~~~~~~~~~~~~~~~~~~~~~~~~~~~~~~

error: storage never freed
  --> $DIR/storage_never_freed.rs:17:9
   |
LL |         map_field_2: Mapping<AccountId, AccountId>,
   |         ^^^^^^^^^^^^^^^^^^^^^^^^^^^^^^^^^^^^^^^^^^
   |
help: consider adding operations to remove elements available to the user
   |
LL |         map_field_2: Mapping<AccountId, AccountId>,
   |         ~~~~~~~~~~~~~~~~~~~~~~~~~~~~~~~~~~~~~~~~~~

error: storage never freed
  --> $DIR/storage_never_freed.rs:14:9
   |
LL |         vec_field_1: Vec<AccountId>,
   |         ^^^^^^^^^^^^^^^^^^^^^^^^^^^
   |
help: consider adding operations to remove elements available to the user
   |
LL |         vec_field_1: Vec<AccountId>,
   |         ~~~~~~~~~~~~~~~~~~~~~~~~~~~

error: storage never freed
  --> $DIR/storage_never_freed.rs:15:9
   |
LL |         vec_field_subscription: Vec<AccountId>,
   |         ^^^^^^^^^^^^^^^^^^^^^^^^^^^^^^^^^^^^^^
   |
help: consider adding operations to remove elements available to the user
   |
LL |         vec_field_subscription: Vec<AccountId>,
   |         ~~~~~~~~~~~~~~~~~~~~~~~~~~~~~~~~~~~~~~

error: aborting due to 4 previous errors

